# JRE version: OpenJDK Runtime Environment (21.0.5) (build 21.0.5+-13047016-b750.29)
# Java VM: OpenJDK 64-Bit Server VM (21.0.5+-13047016-b750.29, mixed mode, tiered, compressed oops, compressed class ptrs, g1 gc, windows-amd64)
GC Precious Log:
 CardTable entry size: 512
 Card Set container configuration: InlinePtr #cards 4 size 8 Array Of Cards #cards 32 size 80 Howl #buckets 8 coarsen threshold 7372 Howl Bitmap #cards 1024 size 144 coarsen threshold 921 Card regions per heap region 1 cards per card region 8192
 CPUs: 16 total, 16 available
 Memory: 16004M
 Large Page Support: Disabled
 NUMA Support: Disabled
 Compressed Oops: Enabled (Zero based)
 Heap Region Size: 4M
 Heap Min Capacity: 8M
 Heap Initial Capacity: 252M
 Heap Max Capacity: 8G
 Pre-touch: Disabled
 Parallel Workers: 13
 Concurrent Workers: 3
 Concurrent Refinement Workers: 13
 Periodic GC: Disabled
Heap:
 garbage-first heap   total 1118208K, used 422330K [0x0000000600000000, 0x0000000800000000)
  region size 4096K, 7 young (28672K), 7 survivors (28672K)
 Metaspace       used 200125K, committed 202816K, reserved 1245184K
  class space    used 24482K, committed 25856K, reserved 1048576K
GC Heap History (20 events):
Event: 383.273 GC heap after
{Heap after GC invocations=187 (full 0):
 garbage-first heap   total 929792K, used 386899K [0x0000000600000000, 0x0000000800000000)
  region size 4096K, 11 young (45056K), 11 survivors (45056K)
 Metaspace       used 200082K, committed 202816K, reserved 1245184K
  class space    used 24485K, committed 25856K, reserved 1048576K
}
Event: 384.155 GC heap before
{Heap before GC invocations=187 (full 0):
 garbage-first heap   total 929792K, used 825171K [0x0000000600000000, 0x0000000800000000)
  region size 4096K, 119 young (487424K), 11 survivors (45056K)
 Metaspace       used 200089K, committed 202816K, reserved 1245184K
  class space    used 24485K, committed 25856K, reserved 1048576K
}
Event: 384.186 GC heap after
{Heap after GC invocations=188 (full 0):
 garbage-first heap   total 929792K, used 405742K [0x0000000600000000, 0x0000000800000000)
  region size 4096K, 15 young (61440K), 15 survivors (61440K)
 Metaspace       used 200089K, committed 202816K, reserved 1245184K
  class space    used 24485K, committed 25856K, reserved 1048576K
}
Event: 384.468 GC heap before
{Heap before GC invocations=188 (full 0):
 garbage-first heap   total 929792K, used 811246K [0x0000000600000000, 0x0000000800000000)
  region size 4096K, 115 young (471040K), 15 survivors (61440K)
 Metaspace       used 200093K, committed 202816K, reserved 1245184K
  class space    used 24485K, committed 25856K, reserved 1048576K
}
Event: 384.490 GC heap after
{Heap after GC invocations=189 (full 0):
 garbage-first heap   total 1118208K, used 413364K [0x0000000600000000, 0x0000000800000000)
  region size 4096K, 3 young (12288K), 3 survivors (12288K)
 Metaspace       used 200093K, committed 202816K, reserved 1245184K
  class space    used 24485K, committed 25856K, reserved 1048576K
}
Event: 384.952 GC heap before
{Heap before GC invocations=190 (full 0):
 garbage-first heap   total 1118208K, used 974516K [0x0000000600000000, 0x0000000800000000)
  region size 4096K, 141 young (577536K), 3 survivors (12288K)
 Metaspace       used 200073K, committed 202816K, reserved 1245184K
  class space    used 24481K, committed 25856K, reserved 1048576K
}
Event: 384.960 GC heap after
{Heap after GC invocations=191 (full 0):
 garbage-first heap   total 1118208K, used 414779K [0x0000000600000000, 0x0000000800000000)
  region size 4096K, 4 young (16384K), 4 survivors (16384K)
 Metaspace       used 200073K, committed 202816K, reserved 1245184K
  class space    used 24481K, committed 25856K, reserved 1048576K
}
Event: 385.238 GC heap before
{Heap before GC invocations=191 (full 0):
 garbage-first heap   total 1118208K, used 996411K [0x0000000600000000, 0x0000000800000000)
  region size 4096K, 146 young (598016K), 4 survivors (16384K)
 Metaspace       used 200075K, committed 202816K, reserved 1245184K
  class space    used 24482K, committed 25856K, reserved 1048576K
}
Event: 385.250 GC heap after
{Heap after GC invocations=192 (full 0):
 garbage-first heap   total 1118208K, used 414096K [0x0000000600000000, 0x0000000800000000)
  region size 4096K, 4 young (16384K), 4 survivors (16384K)
 Metaspace       used 200075K, committed 202816K, reserved 1245184K
  class space    used 24482K, committed 25856K, reserved 1048576K
}
Event: 385.594 GC heap before
{Heap before GC invocations=192 (full 0):
 garbage-first heap   total 1118208K, used 1012112K [0x0000000600000000, 0x0000000800000000)
  region size 4096K, 151 young (618496K), 4 survivors (16384K)
 Metaspace       used 200082K, committed 202816K, reserved 1245184K
  class space    used 24482K, committed 25856K, reserved 1048576K
}
Event: 385.603 GC heap after
{Heap after GC invocations=193 (full 0):
 garbage-first heap   total 1118208K, used 415395K [0x0000000600000000, 0x0000000800000000)
  region size 4096K, 5 young (20480K), 5 survivors (20480K)
 Metaspace       used 200082K, committed 202816K, reserved 1245184K
  class space    used 24482K, committed 25856K, reserved 1048576K
}
Event: 387.043 GC heap before
{Heap before GC invocations=194 (full 0):
 garbage-first heap   total 1118208K, used 1025699K [0x0000000600000000, 0x0000000800000000)
  region size 4096K, 154 young (630784K), 5 survivors (20480K)
 Metaspace       used 200091K, committed 202816K, reserved 1245184K
  class space    used 24482K, committed 25856K, reserved 1048576K
}
Event: 387.051 GC heap after
{Heap after GC invocations=195 (full 0):
 garbage-first heap   total 1118208K, used 418100K [0x0000000600000000, 0x0000000800000000)
  region size 4096K, 4 young (16384K), 4 survivors (16384K)
 Metaspace       used 200091K, committed 202816K, reserved 1245184K
  class space    used 24482K, committed 25856K, reserved 1048576K
}
Event: 387.562 GC heap before
{Heap before GC invocations=195 (full 0):
 garbage-first heap   total 1118208K, used 1032500K [0x0000000600000000, 0x0000000800000000)
  region size 4096K, 155 young (634880K), 4 survivors (16384K)
 Metaspace       used 200124K, committed 202816K, reserved 1245184K
  class space    used 24482K, committed 25856K, reserved 1048576K
}
Event: 387.578 GC heap after
{Heap after GC invocations=196 (full 0):
 garbage-first heap   total 1118208K, used 420066K [0x0000000600000000, 0x0000000800000000)
  region size 4096K, 6 young (24576K), 6 survivors (24576K)
 Metaspace       used 200124K, committed 202816K, reserved 1245184K
  class space    used 24482K, committed 25856K, reserved 1048576K
}
Event: 388.205 GC heap before
{Heap before GC invocations=196 (full 0):
 garbage-first heap   total 1118208K, used 1022178K [0x0000000600000000, 0x0000000800000000)
  region size 4096K, 154 young (630784K), 6 survivors (24576K)
 Metaspace       used 200125K, committed 202816K, reserved 1245184K
  class space    used 24482K, committed 25856K, reserved 1048576K
}
Event: 388.216 GC heap after
{Heap after GC invocations=197 (full 0):
 garbage-first heap   total 1118208K, used 424053K [0x0000000600000000, 0x0000000800000000)
  region size 4096K, 7 young (28672K), 7 survivors (28672K)
 Metaspace       used 200125K, committed 202816K, reserved 1245184K
  class space    used 24482K, committed 25856K, reserved 1048576K
}
Event: 388.827 GC heap before
{Heap before GC invocations=198 (full 0):
 garbage-first heap   total 1118208K, used 1022069K [0x0000000600000000, 0x0000000800000000)
  region size 4096K, 153 young (626688K), 7 survivors (28672K)
 Metaspace       used 200125K, committed 202816K, reserved 1245184K
  class space    used 24482K, committed 25856K, reserved 1048576K
}
Event: 388.839 GC heap after
{Heap after GC invocations=199 (full 0):
 garbage-first heap   total 1118208K, used 427645K [0x0000000600000000, 0x0000000800000000)
  region size 4096K, 7 young (28672K), 7 survivors (28672K)
 Metaspace       used 200125K, committed 202816K, reserved 1245184K
  class space    used 24482K, committed 25856K, reserved 1048576K
}
Event: 389.708 GC heap before
{Heap before GC invocations=199 (full 0):
 garbage-first heap   total 1118208K, used 1025661K [0x0000000600000000, 0x0000000800000000)
  region size 4096K, 153 young (626688K), 7 survivors (28672K)
 Metaspace       used 200125K, committed 202816K, reserved 1245184K
  class space    used 24482K, committed 25856K, reserved 1048576K
}

